<?xml version="1.0" encoding="UTF-8"?>
<!-- Generated by org.testng.reporters.JUnitXMLReporter -->
<testsuite hostname="HP-HP" ignored="5" name="Test" tests="2" failures="0" timestamp="17 May 2019 23:51:43 GMT" time="0.053" errors="0">
  <testcase name="month1" time="0.011" classname="testng.Month"/>
  <testcase name="month2" time="0.001" classname="testng.Month"/>
  <testcase name="day" time="0.0" classname="testng.Day">
    <ignored/>
  </testcase> <!-- day -->
  <testcase name="week" time="0.0" classname="testng.Week">
    <ignored/>
  </testcase> <!-- week -->
  <testcase name="day1" time="0.0" classname="testng.Day">
    <ignored/>
  </testcase> <!-- day1 -->
  <testcase name="week1" time="0.0" classname="testng.Week">
    <ignored/>
  </testcase> <!-- week1 -->
  <testcase name="month" time="0.0" classname="testng.Month">
    <ignored/>
  </testcase> <!-- month -->
</testsuite> <!-- Test -->
